# JRE version: Java(TM) SE Runtime Environment (14.0.2+12) (build 14.0.2+12-46)
# Java VM: Java HotSpot(TM) 64-Bit Server VM (14.0.2+12-46, mixed mode, sharing, tiered, compressed oops, parallel gc, windows-amd64)
Heap:
 PSYoungGen      total 4096K, used 1673K [0x00000000eab00000, 0x00000000eb080000, 0x0000000100000000)
  eden space 2560K, 11% used [0x00000000eab00000,0x00000000eab4a650,0x00000000ead80000)
  from space 1536K, 89% used [0x00000000ead80000,0x00000000eaed8000,0x00000000eaf00000)
  to   space 1536K, 0% used [0x00000000eaf00000,0x00000000eaf00000,0x00000000eb080000)
 ParOldGen       total 318464K, used 282332K [0x00000000c0000000, 0x00000000d3700000, 0x00000000eab00000)
  object space 318464K, 88% used [0x00000000c0000000,0x00000000d13b73d8,0x00000000d3700000)
 Metaspace       used 77889K, capacity 81098K, committed 81280K, reserved 1122304K
  class space    used 7375K, capacity 8565K, committed 8576K, reserved 1048576K
GC Heap History (20 events):
Event: 11118.080 GC heap before
{Heap before GC invocations=6138 (full 120):
 PSYoungGen      total 2560K, used 2240K [0x00000000eab00000, 0x00000000eb000000, 0x0000000100000000)
  eden space 1536K, 100% used [0x00000000eab00000,0x00000000eac80000,0x00000000eac80000)
  from space 1024K, 68% used [0x00000000eaf00000,0x00000000eafb0000,0x00000000eb000000)
  to   space 1024K, 0% used [0x00000000eae00000,0x00000000eae00000,0x00000000eaf00000)
 ParOldGen       total 321536K, used 316071K [0x00000000c0000000, 0x00000000d3a00000, 0x00000000eab00000)
  object space 321536K, 98% used [0x00000000c0000000,0x00000000d34a9fb0,0x00000000d3a00000)
 Metaspace       used 77886K, capacity 81034K, committed 81280K, reserved 1122304K
  class space    used 7375K, capacity 8565K, committed 8576K, reserved 1048576K
}
Event: 11118.089 GC heap after
{Heap after GC invocations=6138 (full 120):
 PSYoungGen      total 3072K, used 608K [0x00000000eab00000, 0x00000000eaf80000, 0x0000000100000000)
  eden space 2048K, 0% used [0x00000000eab00000,0x00000000eab00000,0x00000000ead00000)
  from space 1024K, 59% used [0x00000000eae00000,0x00000000eae98000,0x00000000eaf00000)
  to   space 512K, 0% used [0x00000000eaf00000,0x00000000eaf00000,0x00000000eaf80000)
 ParOldGen       total 321536K, used 316751K [0x00000000c0000000, 0x00000000d3a00000, 0x00000000eab00000)
  object space 321536K, 98% used [0x00000000c0000000,0x00000000d3553fb0,0x00000000d3a00000)
 Metaspace       used 77886K, capacity 81034K, committed 81280K, reserved 1122304K
  class space    used 7375K, capacity 8565K, committed 8576K, reserved 1048576K
}
Event: 11118.145 GC heap before
{Heap before GC invocations=6139 (full 120):
 PSYoungGen      total 3072K, used 2656K [0x00000000eab00000, 0x00000000eaf80000, 0x0000000100000000)
  eden space 2048K, 100% used [0x00000000eab00000,0x00000000ead00000,0x00000000ead00000)
  from space 1024K, 59% used [0x00000000eae00000,0x00000000eae98000,0x00000000eaf00000)
  to   space 512K, 0% used [0x00000000eaf00000,0x00000000eaf00000,0x00000000eaf80000)
 ParOldGen       total 321536K, used 316751K [0x00000000c0000000, 0x00000000d3a00000, 0x00000000eab00000)
  object space 321536K, 98% used [0x00000000c0000000,0x00000000d3553fb0,0x00000000d3a00000)
 Metaspace       used 77886K, capacity 81034K, committed 81280K, reserved 1122304K
  class space    used 7375K, capacity 8565K, committed 8576K, reserved 1048576K
}
Event: 11118.151 GC heap after
{Heap after GC invocations=6139 (full 120):
 PSYoungGen      total 3072K, used 480K [0x00000000eab00000, 0x00000000eaf80000, 0x0000000100000000)
  eden space 2560K, 0% used [0x00000000eab00000,0x00000000eab00000,0x00000000ead80000)
  from space 512K, 93% used [0x00000000eaf00000,0x00000000eaf78000,0x00000000eaf80000)
  to   space 1024K, 0% used [0x00000000ead80000,0x00000000ead80000,0x00000000eae80000)
 ParOldGen       total 321536K, used 317358K [0x00000000c0000000, 0x00000000d3a00000, 0x00000000eab00000)
  object space 321536K, 98% used [0x00000000c0000000,0x00000000d35eb938,0x00000000d3a00000)
 Metaspace       used 77886K, capacity 81034K, committed 81280K, reserved 1122304K
  class space    used 7375K, capacity 8565K, committed 8576K, reserved 1048576K
}
Event: 11118.221 GC heap before
{Heap before GC invocations=6140 (full 120):
 PSYoungGen      total 3072K, used 3040K [0x00000000eab00000, 0x00000000eaf80000, 0x0000000100000000)
  eden space 2560K, 100% used [0x00000000eab00000,0x00000000ead80000,0x00000000ead80000)
  from space 512K, 93% used [0x00000000eaf00000,0x00000000eaf78000,0x00000000eaf80000)
  to   space 1024K, 0% used [0x00000000ead80000,0x00000000ead80000,0x00000000eae80000)
 ParOldGen       total 321536K, used 317358K [0x00000000c0000000, 0x00000000d3a00000, 0x00000000eab00000)
  object space 321536K, 98% used [0x00000000c0000000,0x00000000d35eb938,0x00000000d3a00000)
 Metaspace       used 77886K, capacity 81034K, committed 81280K, reserved 1122304K
  class space    used 7375K, capacity 8565K, committed 8576K, reserved 1048576K
}
Event: 11118.228 GC heap after
{Heap after GC invocations=6140 (full 120):
 PSYoungGen      total 3584K, used 608K [0x00000000eab00000, 0x00000000eb000000, 0x0000000100000000)
  eden space 2560K, 0% used [0x00000000eab00000,0x00000000eab00000,0x00000000ead80000)
  from space 1024K, 59% used [0x00000000ead80000,0x00000000eae18000,0x00000000eae80000)
  to   space 1024K, 0% used [0x00000000eaf00000,0x00000000eaf00000,0x00000000eb000000)
 ParOldGen       total 321536K, used 317806K [0x00000000c0000000, 0x00000000d3a00000, 0x00000000eab00000)
  object space 321536K, 98% used [0x00000000c0000000,0x00000000d365b938,0x00000000d3a00000)
 Metaspace       used 77886K, capacity 81034K, committed 81280K, reserved 1122304K
  class space    used 7375K, capacity 8565K, committed 8576K, reserved 1048576K
}
Event: 11118.271 GC heap before
{Heap before GC invocations=6141 (full 120):
 PSYoungGen      total 3584K, used 3168K [0x00000000eab00000, 0x00000000eb000000, 0x0000000100000000)
  eden space 2560K, 100% used [0x00000000eab00000,0x00000000ead80000,0x00000000ead80000)
  from space 1024K, 59% used [0x00000000ead80000,0x00000000eae18000,0x00000000eae80000)
  to   space 1024K, 0% used [0x00000000eaf00000,0x00000000eaf00000,0x00000000eb000000)
 ParOldGen       total 321536K, used 317806K [0x00000000c0000000, 0x00000000d3a00000, 0x00000000eab00000)
  object space 321536K, 98% used [0x00000000c0000000,0x00000000d365b938,0x00000000d3a00000)
 Metaspace       used 77886K, capacity 81034K, committed 81280K, reserved 1122304K
  class space    used 7375K, capacity 8565K, committed 8576K, reserved 1048576K
}
Event: 11118.281 GC heap after
{Heap after GC invocations=6141 (full 120):
 PSYoungGen      total 4096K, used 816K [0x00000000eab00000, 0x00000000eb000000, 0x0000000100000000)
  eden space 3072K, 0% used [0x00000000eab00000,0x00000000eab00000,0x00000000eae00000)
  from space 1024K, 79% used [0x00000000eaf00000,0x00000000eafcc010,0x00000000eb000000)
  to   space 1024K, 0% used [0x00000000eae00000,0x00000000eae00000,0x00000000eaf00000)
 ParOldGen       total 321536K, used 318382K [0x00000000c0000000, 0x00000000d3a00000, 0x00000000eab00000)
  object space 321536K, 99% used [0x00000000c0000000,0x00000000d36eb938,0x00000000d3a00000)
 Metaspace       used 77886K, capacity 81034K, committed 81280K, reserved 1122304K
  class space    used 7375K, capacity 8565K, committed 8576K, reserved 1048576K
}
Event: 11118.349 GC heap before
{Heap before GC invocations=6142 (full 120):
 PSYoungGen      total 4096K, used 3888K [0x00000000eab00000, 0x00000000eb000000, 0x0000000100000000)
  eden space 3072K, 100% used [0x00000000eab00000,0x00000000eae00000,0x00000000eae00000)
  from space 1024K, 79% used [0x00000000eaf00000,0x00000000eafcc010,0x00000000eb000000)
  to   space 1024K, 0% used [0x00000000eae00000,0x00000000eae00000,0x00000000eaf00000)
 ParOldGen       total 321536K, used 318382K [0x00000000c0000000, 0x00000000d3a00000, 0x00000000eab00000)
  object space 321536K, 99% used [0x00000000c0000000,0x00000000d36eb938,0x00000000d3a00000)
 Metaspace       used 77886K, capacity 81034K, committed 81280K, reserved 1122304K
  class space    used 7375K, capacity 8565K, committed 8576K, reserved 1048576K
}
Event: 11118.355 GC heap after
{Heap after GC invocations=6142 (full 120):
 PSYoungGen      total 4096K, used 480K [0x00000000eab00000, 0x00000000eb000000, 0x0000000100000000)
  eden space 3072K, 0% used [0x00000000eab00000,0x00000000eab00000,0x00000000eae00000)
  from space 1024K, 46% used [0x00000000eae00000,0x00000000eae78000,0x00000000eaf00000)
  to   space 1024K, 0% used [0x00000000eaf00000,0x00000000eaf00000,0x00000000eb000000)
 ParOldGen       total 321536K, used 319107K [0x00000000c0000000, 0x00000000d3a00000, 0x00000000eab00000)
  object space 321536K, 99% used [0x00000000c0000000,0x00000000d37a0dd8,0x00000000d3a00000)
 Metaspace       used 77886K, capacity 81034K, committed 81280K, reserved 1122304K
  class space    used 7375K, capacity 8565K, committed 8576K, reserved 1048576K
}
Event: 11118.489 GC heap before
{Heap before GC invocations=6143 (full 120):
 PSYoungGen      total 4096K, used 3552K [0x00000000eab00000, 0x00000000eb000000, 0x0000000100000000)
  eden space 3072K, 100% used [0x00000000eab00000,0x00000000eae00000,0x00000000eae00000)
  from space 1024K, 46% used [0x00000000eae00000,0x00000000eae78000,0x00000000eaf00000)
  to   space 1024K, 0% used [0x00000000eaf00000,0x00000000eaf00000,0x00000000eb000000)
 ParOldGen       total 321536K, used 319107K [0x00000000c0000000, 0x00000000d3a00000, 0x00000000eab00000)
  object space 321536K, 99% used [0x00000000c0000000,0x00000000d37a0dd8,0x00000000d3a00000)
 Metaspace       used 77886K, capacity 81034K, committed 81280K, reserved 1122304K
  class space    used 7375K, capacity 8565K, committed 8576K, reserved 1048576K
}
Event: 11118.496 GC heap after
{Heap after GC invocations=6143 (full 120):
 PSYoungGen      total 4096K, used 800K [0x00000000eab00000, 0x00000000eb000000, 0x0000000100000000)
  eden space 3072K, 0% used [0x00000000eab00000,0x00000000eab00000,0x00000000eae00000)
  from space 1024K, 78% used [0x00000000eaf00000,0x00000000eafc8000,0x00000000eb000000)
  to   space 1024K, 0% used [0x00000000eae00000,0x00000000eae00000,0x00000000eaf00000)
 ParOldGen       total 321536K, used 319539K [0x00000000c0000000, 0x00000000d3a00000, 0x00000000eab00000)
  object space 321536K, 99% used [0x00000000c0000000,0x00000000d380cdd8,0x00000000d3a00000)
 Metaspace       used 77886K, capacity 81034K, committed 81280K, reserved 1122304K
  class space    used 7375K, capacity 8565K, committed 8576K, reserved 1048576K
}
Event: 11118.541 GC heap before
{Heap before GC invocations=6144 (full 120):
 PSYoungGen      total 4096K, used 3872K [0x00000000eab00000, 0x00000000eb000000, 0x0000000100000000)
  eden space 3072K, 100% used [0x00000000eab00000,0x00000000eae00000,0x00000000eae00000)
  from space 1024K, 78% used [0x00000000eaf00000,0x00000000eafc8000,0x00000000eb000000)
  to   space 1024K, 0% used [0x00000000eae00000,0x00000000eae00000,0x00000000eaf00000)
 ParOldGen       total 321536K, used 319539K [0x00000000c0000000, 0x00000000d3a00000, 0x00000000eab00000)
  object space 321536K, 99% used [0x00000000c0000000,0x00000000d380cdd8,0x00000000d3a00000)
 Metaspace       used 77886K, capacity 81034K, committed 81280K, reserved 1122304K
  class space    used 7375K, capacity 8565K, committed 8576K, reserved 1048576K
}
Event: 11118.553 GC heap after
{Heap after GC invocations=6144 (full 120):
 PSYoungGen      total 4096K, used 1015K [0x00000000eab00000, 0x00000000eb400000, 0x0000000100000000)
  eden space 3072K, 0% used [0x00000000eab00000,0x00000000eab00000,0x00000000eae00000)
  from space 1024K, 99% used [0x00000000eae00000,0x00000000eaefddb0,0x00000000eaf00000)
  to   space 3072K, 0% used [0x00000000eb100000,0x00000000eb100000,0x00000000eb400000)
 ParOldGen       total 321536K, used 320834K [0x00000000c0000000, 0x00000000d3a00000, 0x00000000eab00000)
  object space 321536K, 99% used [0x00000000c0000000,0x00000000d3950b88,0x00000000d3a00000)
 Metaspace       used 77886K, capacity 81034K, committed 81280K, reserved 1122304K
  class space    used 7375K, capacity 8565K, committed 8576K, reserved 1048576K
}
Event: 11118.553 GC heap before
{Heap before GC invocations=6145 (full 121):
 PSYoungGen      total 4096K, used 1015K [0x00000000eab00000, 0x00000000eb400000, 0x0000000100000000)
  eden space 3072K, 0% used [0x00000000eab00000,0x00000000eab00000,0x00000000eae00000)
  from space 1024K, 99% used [0x00000000eae00000,0x00000000eaefddb0,0x00000000eaf00000)
  to   space 3072K, 0% used [0x00000000eb100000,0x00000000eb100000,0x00000000eb400000)
 ParOldGen       total 321536K, used 320834K [0x00000000c0000000, 0x00000000d3a00000, 0x00000000eab00000)
  object space 321536K, 99% used [0x00000000c0000000,0x00000000d3950b88,0x00000000d3a00000)
 Metaspace       used 77886K, capacity 81034K, committed 81280K, reserved 1122304K
  class space    used 7375K, capacity 8565K, committed 8576K, reserved 1048576K
}
Event: 11119.067 GC heap after
{Heap after GC invocations=6145 (full 121):
 PSYoungGen      total 6144K, used 0K [0x00000000eab00000, 0x00000000eb400000, 0x0000000100000000)
  eden space 3072K, 0% used [0x00000000eab00000,0x00000000eab00000,0x00000000eae00000)
  from space 3072K, 0% used [0x00000000eb100000,0x00000000eb100000,0x00000000eb400000)
  to   space 3072K, 0% used [0x00000000eae00000,0x00000000eae00000,0x00000000eb100000)
 ParOldGen       total 318464K, used 267496K [0x00000000c0000000, 0x00000000d3700000, 0x00000000eab00000)
  object space 318464K, 83% used [0x00000000c0000000,0x00000000d053a128,0x00000000d3700000)
 Metaspace       used 77886K, capacity 81034K, committed 81280K, reserved 1122304K
  class space    used 7375K, capacity 8565K, committed 8576K, reserved 1048576K
}
Event: 11119.120 GC heap before
{Heap before GC invocations=6146 (full 121):
 PSYoungGen      total 6144K, used 3072K [0x00000000eab00000, 0x00000000eb400000, 0x0000000100000000)
  eden space 3072K, 100% used [0x00000000eab00000,0x00000000eae00000,0x00000000eae00000)
  from space 3072K, 0% used [0x00000000eb100000,0x00000000eb100000,0x00000000eb400000)
  to   space 3072K, 0% used [0x00000000eae00000,0x00000000eae00000,0x00000000eb100000)
 ParOldGen       total 318464K, used 267496K [0x00000000c0000000, 0x00000000d3700000, 0x00000000eab00000)
  object space 318464K, 83% used [0x00000000c0000000,0x00000000d053a128,0x00000000d3700000)
 Metaspace       used 77886K, capacity 81034K, committed 81280K, reserved 1122304K
  class space    used 7375K, capacity 8565K, committed 8576K, reserved 1048576K
}
Event: 11119.139 GC heap after
{Heap after GC invocations=6146 (full 121):
 PSYoungGen      total 6144K, used 2880K [0x00000000eab00000, 0x00000000eb400000, 0x0000000100000000)
  eden space 3072K, 0% used [0x00000000eab00000,0x00000000eab00000,0x00000000eae00000)
  from space 3072K, 93% used [0x00000000eae00000,0x00000000eb0d0000,0x00000000eb100000)
  to   space 3072K, 0% used [0x00000000eb100000,0x00000000eb100000,0x00000000eb400000)
 ParOldGen       total 318464K, used 267496K [0x00000000c0000000, 0x00000000d3700000, 0x00000000eab00000)
  object space 318464K, 83% used [0x00000000c0000000,0x00000000d053a128,0x00000000d3700000)
 Metaspace       used 77886K, capacity 81034K, committed 81280K, reserved 1122304K
  class space    used 7375K, capacity 8565K, committed 8576K, reserved 1048576K
}
Event: 11119.260 GC heap before
{Heap before GC invocations=6147 (full 121):
 PSYoungGen      total 6144K, used 5952K [0x00000000eab00000, 0x00000000eb400000, 0x0000000100000000)
  eden space 3072K, 100% used [0x00000000eab00000,0x00000000eae00000,0x00000000eae00000)
  from space 3072K, 93% used [0x00000000eae00000,0x00000000eb0d0000,0x00000000eb100000)
  to   space 3072K, 0% used [0x00000000eb100000,0x00000000eb100000,0x00000000eb400000)
 ParOldGen       total 318464K, used 267496K [0x00000000c0000000, 0x00000000d3700000, 0x00000000eab00000)
  object space 318464K, 83% used [0x00000000c0000000,0x00000000d053a128,0x00000000d3700000)
 Metaspace       used 77886K, capacity 81034K, committed 81280K, reserved 1122304K
  class space    used 7375K, capacity 8565K, committed 8576K, reserved 1048576K
}
Event: 11119.274 GC heap after
{Heap after GC invocations=6147 (full 121):
 PSYoungGen      total 3584K, used 512K [0x00000000eab00000, 0x00000000eb180000, 0x0000000100000000)
  eden space 3072K, 0% used [0x00000000eab00000,0x00000000eab00000,0x00000000eae00000)
  from space 512K, 100% used [0x00000000eb100000,0x00000000eb180000,0x00000000eb180000)
  to   space 1536K, 0% used [0x00000000eae80000,0x00000000eae80000,0x00000000eb000000)
 ParOldGen       total 318464K, used 270384K [0x00000000c0000000, 0x00000000d3700000, 0x00000000eab00000)
  object space 318464K, 84% used [0x00000000c0000000,0x00000000d080c128,0x00000000d3700000)
 Metaspace       used 77886K, capacity 81034K, committed 81280K, reserved 1122304K
  class space    used 7375K, capacity 8565K, committed 8576K, reserved 1048576K
}

