# JRE version: Java(TM) SE Runtime Environment (14.0.2+12) (build 14.0.2+12-46)
# Java VM: Java HotSpot(TM) 64-Bit Server VM (14.0.2+12-46, mixed mode, sharing, tiered, compressed oops, parallel gc, windows-amd64)
Heap:
 PSYoungGen      total 3584K, used 1991K [0x00000000eab00000, 0x00000000eb100000, 0x0000000100000000)
  eden space 3072K, 61% used [0x00000000eab00000,0x00000000eacd9f40,0x00000000eae00000)
  from space 512K, 18% used [0x00000000eb080000,0x00000000eb098000,0x00000000eb100000)
  to   space 512K, 0% used [0x00000000eaf80000,0x00000000eaf80000,0x00000000eb000000)
 ParOldGen       total 266752K, used 227144K [0x00000000c0000000, 0x00000000d0480000, 0x00000000eab00000)
  object space 266752K, 85% used [0x00000000c0000000,0x00000000cddd23f8,0x00000000d0480000)
 Metaspace       used 77017K, capacity 80320K, committed 80512K, reserved 1122304K
  class space    used 7026K, capacity 8299K, committed 8320K, reserved 1048576K
GC Heap History (20 events):
Event: 20650.382 GC heap before
{Heap before GC invocations=16131 (full 264):
 PSYoungGen      total 4608K, used 4597K [0x00000000eab00000, 0x00000000eba80000, 0x0000000100000000)
  eden space 2560K, 100% used [0x00000000eab00000,0x00000000ead80000,0x00000000ead80000)
  from space 2048K, 99% used [0x00000000eb280000,0x00000000eb47d418,0x00000000eb480000)
  to   space 5120K, 0% used [0x00000000ead80000,0x00000000ead80000,0x00000000eb280000)
 ParOldGen       total 264704K, used 258688K [0x00000000c0000000, 0x00000000d0280000, 0x00000000eab00000)
  object space 264704K, 97% used [0x00000000c0000000,0x00000000cfca00d0,0x00000000d0280000)
 Metaspace       used 77017K, capacity 80320K, committed 80512K, reserved 1122304K
  class space    used 7026K, capacity 8299K, committed 8320K, reserved 1048576K
}
Event: 20650.395 GC heap after
{Heap after GC invocations=16131 (full 264):
 PSYoungGen      total 5120K, used 2560K [0x00000000eab00000, 0x00000000eb480000, 0x0000000100000000)
  eden space 2560K, 0% used [0x00000000eab00000,0x00000000eab00000,0x00000000ead80000)
  from space 2560K, 100% used [0x00000000ead80000,0x00000000eb000000,0x00000000eb000000)
  to   space 3584K, 0% used [0x00000000eb100000,0x00000000eb100000,0x00000000eb480000)
 ParOldGen       total 264704K, used 260749K [0x00000000c0000000, 0x00000000d0280000, 0x00000000eab00000)
  object space 264704K, 98% used [0x00000000c0000000,0x00000000cfea3588,0x00000000d0280000)
 Metaspace       used 77017K, capacity 80320K, committed 80512K, reserved 1122304K
  class space    used 7026K, capacity 8299K, committed 8320K, reserved 1048576K
}
Event: 20650.429 GC heap before
{Heap before GC invocations=16132 (full 264):
 PSYoungGen      total 5120K, used 5120K [0x00000000eab00000, 0x00000000eb480000, 0x0000000100000000)
  eden space 2560K, 100% used [0x00000000eab00000,0x00000000ead80000,0x00000000ead80000)
  from space 2560K, 100% used [0x00000000ead80000,0x00000000eb000000,0x00000000eb000000)
  to   space 3584K, 0% used [0x00000000eb100000,0x00000000eb100000,0x00000000eb480000)
 ParOldGen       total 264704K, used 260749K [0x00000000c0000000, 0x00000000d0280000, 0x00000000eab00000)
  object space 264704K, 98% used [0x00000000c0000000,0x00000000cfea3588,0x00000000d0280000)
 Metaspace       used 77017K, capacity 80320K, committed 80512K, reserved 1122304K
  class space    used 7026K, capacity 8299K, committed 8320K, reserved 1048576K
}
Event: 20650.442 GC heap after
{Heap after GC invocations=16132 (full 264):
 PSYoungGen      total 6144K, used 2464K [0x00000000eab00000, 0x00000000eb400000, 0x0000000100000000)
  eden space 3072K, 0% used [0x00000000eab00000,0x00000000eab00000,0x00000000eae00000)
  from space 3072K, 80% used [0x00000000eb100000,0x00000000eb368000,0x00000000eb400000)
  to   space 3072K, 0% used [0x00000000eae00000,0x00000000eae00000,0x00000000eb100000)
 ParOldGen       total 264704K, used 263285K [0x00000000c0000000, 0x00000000d0280000, 0x00000000eab00000)
  object space 264704K, 99% used [0x00000000c0000000,0x00000000d011d588,0x00000000d0280000)
 Metaspace       used 77017K, capacity 80320K, committed 80512K, reserved 1122304K
  class space    used 7026K, capacity 8299K, committed 8320K, reserved 1048576K
}
Event: 20650.442 GC heap before
{Heap before GC invocations=16133 (full 265):
 PSYoungGen      total 6144K, used 2464K [0x00000000eab00000, 0x00000000eb400000, 0x0000000100000000)
  eden space 3072K, 0% used [0x00000000eab00000,0x00000000eab00000,0x00000000eae00000)
  from space 3072K, 80% used [0x00000000eb100000,0x00000000eb368000,0x00000000eb400000)
  to   space 3072K, 0% used [0x00000000eae00000,0x00000000eae00000,0x00000000eb100000)
 ParOldGen       total 264704K, used 263285K [0x00000000c0000000, 0x00000000d0280000, 0x00000000eab00000)
  object space 264704K, 99% used [0x00000000c0000000,0x00000000d011d588,0x00000000d0280000)
 Metaspace       used 77017K, capacity 80320K, committed 80512K, reserved 1122304K
  class space    used 7026K, capacity 8299K, committed 8320K, reserved 1048576K
}
Event: 20650.985 GC heap after
{Heap after GC invocations=16133 (full 265):
 PSYoungGen      total 6144K, used 0K [0x00000000eab00000, 0x00000000eb500000, 0x0000000100000000)
  eden space 3072K, 0% used [0x00000000eab00000,0x00000000eab00000,0x00000000eae00000)
  from space 3072K, 0% used [0x00000000eae00000,0x00000000eae00000,0x00000000eb100000)
  to   space 3072K, 0% used [0x00000000eb200000,0x00000000eb200000,0x00000000eb500000)
 ParOldGen       total 266752K, used 224976K [0x00000000c0000000, 0x00000000d0480000, 0x00000000eab00000)
  object space 266752K, 84% used [0x00000000c0000000,0x00000000cdbb4140,0x00000000d0480000)
 Metaspace       used 77017K, capacity 80320K, committed 80512K, reserved 1122304K
  class space    used 7026K, capacity 8299K, committed 8320K, reserved 1048576K
}
Event: 20651.015 GC heap before
{Heap before GC invocations=16134 (full 265):
 PSYoungGen      total 6144K, used 3071K [0x00000000eab00000, 0x00000000eb500000, 0x0000000100000000)
  eden space 3072K, 99% used [0x00000000eab00000,0x00000000eadfffe8,0x00000000eae00000)
  from space 3072K, 0% used [0x00000000eae00000,0x00000000eae00000,0x00000000eb100000)
  to   space 3072K, 0% used [0x00000000eb200000,0x00000000eb200000,0x00000000eb500000)
 ParOldGen       total 266752K, used 224976K [0x00000000c0000000, 0x00000000d0480000, 0x00000000eab00000)
  object space 266752K, 84% used [0x00000000c0000000,0x00000000cdbb4140,0x00000000d0480000)
 Metaspace       used 77017K, capacity 80320K, committed 80512K, reserved 1122304K
  class space    used 7026K, capacity 8299K, committed 8320K, reserved 1048576K
}
Event: 20651.021 GC heap after
{Heap after GC invocations=16134 (full 265):
 PSYoungGen      total 4096K, used 1024K [0x00000000eab00000, 0x00000000eb300000, 0x0000000100000000)
  eden space 3072K, 0% used [0x00000000eab00000,0x00000000eab00000,0x00000000eae00000)
  from space 1024K, 100% used [0x00000000eb200000,0x00000000eb300000,0x00000000eb300000)
  to   space 2048K, 0% used [0x00000000eaf00000,0x00000000eaf00000,0x00000000eb100000)
 ParOldGen       total 266752K, used 224976K [0x00000000c0000000, 0x00000000d0480000, 0x00000000eab00000)
  object space 266752K, 84% used [0x00000000c0000000,0x00000000cdbb4140,0x00000000d0480000)
 Metaspace       used 77017K, capacity 80320K, committed 80512K, reserved 1122304K
  class space    used 7026K, capacity 8299K, committed 8320K, reserved 1048576K
}
Event: 20651.047 GC heap before
{Heap before GC invocations=16135 (full 265):
 PSYoungGen      total 4096K, used 4096K [0x00000000eab00000, 0x00000000eb300000, 0x0000000100000000)
  eden space 3072K, 100% used [0x00000000eab00000,0x00000000eae00000,0x00000000eae00000)
  from space 1024K, 100% used [0x00000000eb200000,0x00000000eb300000,0x00000000eb300000)
  to   space 2048K, 0% used [0x00000000eaf00000,0x00000000eaf00000,0x00000000eb100000)
 ParOldGen       total 266752K, used 224976K [0x00000000c0000000, 0x00000000d0480000, 0x00000000eab00000)
  object space 266752K, 84% used [0x00000000c0000000,0x00000000cdbb4140,0x00000000d0480000)
 Metaspace       used 77017K, capacity 80320K, committed 80512K, reserved 1122304K
  class space    used 7026K, capacity 8299K, committed 8320K, reserved 1048576K
}
Event: 20651.054 GC heap after
{Heap after GC invocations=16135 (full 265):
 PSYoungGen      total 5120K, used 1072K [0x00000000eab00000, 0x00000000eb280000, 0x0000000100000000)
  eden space 3072K, 0% used [0x00000000eab00000,0x00000000eab00000,0x00000000eae00000)
  from space 2048K, 52% used [0x00000000eaf00000,0x00000000eb00c010,0x00000000eb100000)
  to   space 1536K, 0% used [0x00000000eb100000,0x00000000eb100000,0x00000000eb280000)
 ParOldGen       total 266752K, used 225909K [0x00000000c0000000, 0x00000000d0480000, 0x00000000eab00000)
  object space 266752K, 84% used [0x00000000c0000000,0x00000000cdc9d5c0,0x00000000d0480000)
 Metaspace       used 77017K, capacity 80320K, committed 80512K, reserved 1122304K
  class space    used 7026K, capacity 8299K, committed 8320K, reserved 1048576K
}
Event: 20651.086 GC heap before
{Heap before GC invocations=16136 (full 265):
 PSYoungGen      total 5120K, used 4144K [0x00000000eab00000, 0x00000000eb280000, 0x0000000100000000)
  eden space 3072K, 100% used [0x00000000eab00000,0x00000000eae00000,0x00000000eae00000)
  from space 2048K, 52% used [0x00000000eaf00000,0x00000000eb00c010,0x00000000eb100000)
  to   space 1536K, 0% used [0x00000000eb100000,0x00000000eb100000,0x00000000eb280000)
 ParOldGen       total 266752K, used 225909K [0x00000000c0000000, 0x00000000d0480000, 0x00000000eab00000)
  object space 266752K, 84% used [0x00000000c0000000,0x00000000cdc9d5c0,0x00000000d0480000)
 Metaspace       used 77017K, capacity 80320K, committed 80512K, reserved 1122304K
  class space    used 7026K, capacity 8299K, committed 8320K, reserved 1048576K
}
Event: 20651.095 GC heap after
{Heap after GC invocations=16136 (full 265):
 PSYoungGen      total 4608K, used 1152K [0x00000000eab00000, 0x00000000eb280000, 0x0000000100000000)
  eden space 3072K, 0% used [0x00000000eab00000,0x00000000eab00000,0x00000000eae00000)
  from space 1536K, 75% used [0x00000000eb100000,0x00000000eb220000,0x00000000eb280000)
  to   space 1536K, 0% used [0x00000000eaf80000,0x00000000eaf80000,0x00000000eb100000)
 ParOldGen       total 266752K, used 226955K [0x00000000c0000000, 0x00000000d0480000, 0x00000000eab00000)
  object space 266752K, 85% used [0x00000000c0000000,0x00000000cdda2dc0,0x00000000d0480000)
 Metaspace       used 77017K, capacity 80320K, committed 80512K, reserved 1122304K
  class space    used 7026K, capacity 8299K, committed 8320K, reserved 1048576K
}
Event: 20651.122 GC heap before
{Heap before GC invocations=16137 (full 265):
 PSYoungGen      total 4608K, used 4224K [0x00000000eab00000, 0x00000000eb280000, 0x0000000100000000)
  eden space 3072K, 100% used [0x00000000eab00000,0x00000000eae00000,0x00000000eae00000)
  from space 1536K, 75% used [0x00000000eb100000,0x00000000eb220000,0x00000000eb280000)
  to   space 1536K, 0% used [0x00000000eaf80000,0x00000000eaf80000,0x00000000eb100000)
 ParOldGen       total 266752K, used 226955K [0x00000000c0000000, 0x00000000d0480000, 0x00000000eab00000)
  object space 266752K, 85% used [0x00000000c0000000,0x00000000cdda2dc0,0x00000000d0480000)
 Metaspace       used 77017K, capacity 80320K, committed 80512K, reserved 1122304K
  class space    used 7026K, capacity 8299K, committed 8320K, reserved 1048576K
}
Event: 20651.126 GC heap after
{Heap after GC invocations=16137 (full 265):
 PSYoungGen      total 3584K, used 213K [0x00000000eab00000, 0x00000000eb180000, 0x0000000100000000)
  eden space 3072K, 0% used [0x00000000eab00000,0x00000000eab00000,0x00000000eae00000)
  from space 512K, 41% used [0x00000000eaf80000,0x00000000eafb5450,0x00000000eb000000)
  to   space 1024K, 0% used [0x00000000eb080000,0x00000000eb080000,0x00000000eb180000)
 ParOldGen       total 266752K, used 226979K [0x00000000c0000000, 0x00000000d0480000, 0x00000000eab00000)
  object space 266752K, 85% used [0x00000000c0000000,0x00000000cdda8dc0,0x00000000d0480000)
 Metaspace       used 77017K, capacity 80320K, committed 80512K, reserved 1122304K
  class space    used 7026K, capacity 8299K, committed 8320K, reserved 1048576K
}
Event: 20651.153 GC heap before
{Heap before GC invocations=16138 (full 265):
 PSYoungGen      total 3584K, used 3285K [0x00000000eab00000, 0x00000000eb180000, 0x0000000100000000)
  eden space 3072K, 100% used [0x00000000eab00000,0x00000000eae00000,0x00000000eae00000)
  from space 512K, 41% used [0x00000000eaf80000,0x00000000eafb5450,0x00000000eb000000)
  to   space 1024K, 0% used [0x00000000eb080000,0x00000000eb080000,0x00000000eb180000)
 ParOldGen       total 266752K, used 226979K [0x00000000c0000000, 0x00000000d0480000, 0x00000000eab00000)
  object space 266752K, 85% used [0x00000000c0000000,0x00000000cdda8dc0,0x00000000d0480000)
 Metaspace       used 77017K, capacity 80320K, committed 80512K, reserved 1122304K
  class space    used 7026K, capacity 8299K, committed 8320K, reserved 1048576K
}
Event: 20651.158 GC heap after
{Heap after GC invocations=16138 (full 265):
 PSYoungGen      total 3584K, used 96K [0x00000000eab00000, 0x00000000eb100000, 0x0000000100000000)
  eden space 3072K, 0% used [0x00000000eab00000,0x00000000eab00000,0x00000000eae00000)
  from space 512K, 18% used [0x00000000eb080000,0x00000000eb098000,0x00000000eb100000)
  to   space 512K, 0% used [0x00000000eaf80000,0x00000000eaf80000,0x00000000eb000000)
 ParOldGen       total 266752K, used 227104K [0x00000000c0000000, 0x00000000d0480000, 0x00000000eab00000)
  object space 266752K, 85% used [0x00000000c0000000,0x00000000cddc83f8,0x00000000d0480000)
 Metaspace       used 77017K, capacity 80320K, committed 80512K, reserved 1122304K
  class space    used 7026K, capacity 8299K, committed 8320K, reserved 1048576K
}
Event: 20651.185 GC heap before
{Heap before GC invocations=16139 (full 265):
 PSYoungGen      total 3584K, used 3168K [0x00000000eab00000, 0x00000000eb100000, 0x0000000100000000)
  eden space 3072K, 100% used [0x00000000eab00000,0x00000000eae00000,0x00000000eae00000)
  from space 512K, 18% used [0x00000000eb080000,0x00000000eb098000,0x00000000eb100000)
  to   space 512K, 0% used [0x00000000eaf80000,0x00000000eaf80000,0x00000000eb000000)
 ParOldGen       total 266752K, used 227104K [0x00000000c0000000, 0x00000000d0480000, 0x00000000eab00000)
  object space 266752K, 85% used [0x00000000c0000000,0x00000000cddc83f8,0x00000000d0480000)
 Metaspace       used 77017K, capacity 80320K, committed 80512K, reserved 1122304K
  class space    used 7026K, capacity 8299K, committed 8320K, reserved 1048576K
}
Event: 20651.190 GC heap after
{Heap after GC invocations=16139 (full 265):
 PSYoungGen      total 3584K, used 96K [0x00000000eab00000, 0x00000000eb100000, 0x0000000100000000)
  eden space 3072K, 0% used [0x00000000eab00000,0x00000000eab00000,0x00000000eae00000)
  from space 512K, 18% used [0x00000000eaf80000,0x00000000eaf98000,0x00000000eb000000)
  to   space 512K, 0% used [0x00000000eb080000,0x00000000eb080000,0x00000000eb100000)
 ParOldGen       total 266752K, used 227120K [0x00000000c0000000, 0x00000000d0480000, 0x00000000eab00000)
  object space 266752K, 85% used [0x00000000c0000000,0x00000000cddcc3f8,0x00000000d0480000)
 Metaspace       used 77017K, capacity 80320K, committed 80512K, reserved 1122304K
  class space    used 7026K, capacity 8299K, committed 8320K, reserved 1048576K
}
Event: 20651.223 GC heap before
{Heap before GC invocations=16140 (full 265):
 PSYoungGen      total 3584K, used 3168K [0x00000000eab00000, 0x00000000eb100000, 0x0000000100000000)
  eden space 3072K, 100% used [0x00000000eab00000,0x00000000eae00000,0x00000000eae00000)
  from space 512K, 18% used [0x00000000eaf80000,0x00000000eaf98000,0x00000000eb000000)
  to   space 512K, 0% used [0x00000000eb080000,0x00000000eb080000,0x00000000eb100000)
 ParOldGen       total 266752K, used 227120K [0x00000000c0000000, 0x00000000d0480000, 0x00000000eab00000)
  object space 266752K, 85% used [0x00000000c0000000,0x00000000cddcc3f8,0x00000000d0480000)
 Metaspace       used 77017K, capacity 80320K, committed 80512K, reserved 1122304K
  class space    used 7026K, capacity 8299K, committed 8320K, reserved 1048576K
}
Event: 20651.227 GC heap after
{Heap after GC invocations=16140 (full 265):
 PSYoungGen      total 3584K, used 96K [0x00000000eab00000, 0x00000000eb100000, 0x0000000100000000)
  eden space 3072K, 0% used [0x00000000eab00000,0x00000000eab00000,0x00000000eae00000)
  from space 512K, 18% used [0x00000000eb080000,0x00000000eb098000,0x00000000eb100000)
  to   space 512K, 0% used [0x00000000eaf80000,0x00000000eaf80000,0x00000000eb000000)
 ParOldGen       total 266752K, used 227144K [0x00000000c0000000, 0x00000000d0480000, 0x00000000eab00000)
  object space 266752K, 85% used [0x00000000c0000000,0x00000000cddd23f8,0x00000000d0480000)
 Metaspace       used 77017K, capacity 80320K, committed 80512K, reserved 1122304K
  class space    used 7026K, capacity 8299K, committed 8320K, reserved 1048576K
}

